{"C:\\Users\\Nicolas\\Desktop\\Escritorio\\trabajos\\Repositorios Git\\TDD\\src\\Calculator.jsx": {"path":"C:\\Users\\Nicolas\\Desktop\\Escritorio\\trabajos\\Repositorios Git\\TDD\\src\\Calculator.jsx","all":false,"statementMap":{"0":{"start":{"line":1,"column":0},"end":{"line":1,"column":33}},"1":{"start":{"line":2,"column":0},"end":{"line":2,"column":32}},"2":{"start":{"line":3,"column":0},"end":{"line":3,"column":0}},"3":{"start":{"line":4,"column":0},"end":{"line":4,"column":53}},"4":{"start":{"line":5,"column":0},"end":{"line":5,"column":0}},"5":{"start":{"line":6,"column":0},"end":{"line":6,"column":21}},"6":{"start":{"line":7,"column":0},"end":{"line":7,"column":12}},"7":{"start":{"line":8,"column":0},"end":{"line":8,"column":12}},"8":{"start":{"line":9,"column":0},"end":{"line":9,"column":12}},"9":{"start":{"line":10,"column":0},"end":{"line":10,"column":5}},"10":{"start":{"line":11,"column":0},"end":{"line":11,"column":1}},"11":{"start":{"line":12,"column":0},"end":{"line":12,"column":0}},"12":{"start":{"line":13,"column":0},"end":{"line":13,"column":46}},"13":{"start":{"line":14,"column":0},"end":{"line":14,"column":0}},"14":{"start":{"line":15,"column":0},"end":{"line":15,"column":28}},"15":{"start":{"line":16,"column":0},"end":{"line":16,"column":0}},"16":{"start":{"line":17,"column":0},"end":{"line":17,"column":33}},"17":{"start":{"line":18,"column":0},"end":{"line":18,"column":40}},"18":{"start":{"line":19,"column":0},"end":{"line":19,"column":42}},"19":{"start":{"line":20,"column":0},"end":{"line":20,"column":0}},"20":{"start":{"line":21,"column":0},"end":{"line":21,"column":38}},"21":{"start":{"line":22,"column":0},"end":{"line":22,"column":37}},"22":{"start":{"line":23,"column":0},"end":{"line":23,"column":3}},"23":{"start":{"line":24,"column":0},"end":{"line":24,"column":0}},"24":{"start":{"line":25,"column":0},"end":{"line":25,"column":34}},"25":{"start":{"line":26,"column":0},"end":{"line":26,"column":16}},"26":{"start":{"line":27,"column":0},"end":{"line":27,"column":17}},"27":{"start":{"line":28,"column":0},"end":{"line":28,"column":3}},"28":{"start":{"line":29,"column":0},"end":{"line":29,"column":0}},"29":{"start":{"line":30,"column":0},"end":{"line":30,"column":10}},"30":{"start":{"line":31,"column":0},"end":{"line":31,"column":13}},"31":{"start":{"line":32,"column":0},"end":{"line":32,"column":25}},"32":{"start":{"line":33,"column":0},"end":{"line":33,"column":11}},"33":{"start":{"line":34,"column":0},"end":{"line":34,"column":14}},"34":{"start":{"line":35,"column":0},"end":{"line":35,"column":31}},"35":{"start":{"line":36,"column":0},"end":{"line":36,"column":21}},"36":{"start":{"line":37,"column":0},"end":{"line":37,"column":23}},"37":{"start":{"line":38,"column":0},"end":{"line":38,"column":18}},"38":{"start":{"line":39,"column":0},"end":{"line":39,"column":10}},"39":{"start":{"line":40,"column":0},"end":{"line":40,"column":12}},"40":{"start":{"line":41,"column":0},"end":{"line":41,"column":11}},"41":{"start":{"line":42,"column":0},"end":{"line":42,"column":14}},"42":{"start":{"line":43,"column":0},"end":{"line":43,"column":29}},"43":{"start":{"line":44,"column":0},"end":{"line":44,"column":21}},"44":{"start":{"line":45,"column":0},"end":{"line":45,"column":24}},"45":{"start":{"line":46,"column":0},"end":{"line":46,"column":10}},"46":{"start":{"line":47,"column":0},"end":{"line":47,"column":12}},"47":{"start":{"line":48,"column":0},"end":{"line":48,"column":11}},"48":{"start":{"line":49,"column":0},"end":{"line":49,"column":15}},"49":{"start":{"line":50,"column":0},"end":{"line":50,"column":29}},"50":{"start":{"line":51,"column":0},"end":{"line":51,"column":44}},"51":{"start":{"line":52,"column":0},"end":{"line":52,"column":9}},"52":{"start":{"line":53,"column":0},"end":{"line":53,"column":11}},"53":{"start":{"line":54,"column":0},"end":{"line":54,"column":17}},"54":{"start":{"line":55,"column":0},"end":{"line":55,"column":12}},"55":{"start":{"line":56,"column":0},"end":{"line":56,"column":23}},"56":{"start":{"line":57,"column":0},"end":{"line":57,"column":9}},"57":{"start":{"line":58,"column":0},"end":{"line":58,"column":39}},"58":{"start":{"line":59,"column":0},"end":{"line":59,"column":55}},"59":{"start":{"line":60,"column":0},"end":{"line":60,"column":15}},"60":{"start":{"line":61,"column":0},"end":{"line":61,"column":35}},"61":{"start":{"line":62,"column":0},"end":{"line":62,"column":25}},"62":{"start":{"line":63,"column":0},"end":{"line":63,"column":55}},"63":{"start":{"line":64,"column":0},"end":{"line":64,"column":32}},"64":{"start":{"line":65,"column":0},"end":{"line":65,"column":19}},"65":{"start":{"line":66,"column":0},"end":{"line":66,"column":28}},"66":{"start":{"line":67,"column":0},"end":{"line":67,"column":27}},"67":{"start":{"line":68,"column":0},"end":{"line":68,"column":18}},"68":{"start":{"line":69,"column":0},"end":{"line":69,"column":15}},"69":{"start":{"line":70,"column":0},"end":{"line":70,"column":18}},"70":{"start":{"line":71,"column":0},"end":{"line":71,"column":12}},"71":{"start":{"line":72,"column":0},"end":{"line":72,"column":9}},"72":{"start":{"line":73,"column":0},"end":{"line":73,"column":9}},"73":{"start":{"line":74,"column":0},"end":{"line":74,"column":39}},"74":{"start":{"line":75,"column":0},"end":{"line":75,"column":19}},"75":{"start":{"line":76,"column":0},"end":{"line":76,"column":52}},"76":{"start":{"line":77,"column":0},"end":{"line":77,"column":29}},"77":{"start":{"line":78,"column":0},"end":{"line":78,"column":13}},"78":{"start":{"line":79,"column":0},"end":{"line":79,"column":25}},"79":{"start":{"line":80,"column":0},"end":{"line":80,"column":21}},"80":{"start":{"line":81,"column":0},"end":{"line":81,"column":12}},"81":{"start":{"line":82,"column":0},"end":{"line":82,"column":9}},"82":{"start":{"line":83,"column":0},"end":{"line":83,"column":12}},"83":{"start":{"line":84,"column":0},"end":{"line":84,"column":13}},"84":{"start":{"line":85,"column":0},"end":{"line":85,"column":50}},"85":{"start":{"line":86,"column":0},"end":{"line":86,"column":7}},"86":{"start":{"line":87,"column":0},"end":{"line":87,"column":19}},"87":{"start":{"line":88,"column":0},"end":{"line":88,"column":15}},"88":{"start":{"line":89,"column":0},"end":{"line":89,"column":14}},"89":{"start":{"line":90,"column":0},"end":{"line":90,"column":3}},"90":{"start":{"line":91,"column":0},"end":{"line":91,"column":1}}},"s":{"0":1,"1":1,"2":1,"3":1,"4":1,"5":1,"6":1,"7":1,"8":1,"9":1,"10":1,"11":1,"12":1,"13":1,"14":1,"15":1,"16":1,"17":35,"18":35,"19":35,"20":35,"21":16,"22":16,"23":35,"24":35,"25":2,"26":2,"27":2,"28":35,"29":35,"30":35,"31":35,"32":35,"33":35,"34":35,"35":35,"36":35,"37":35,"38":35,"39":35,"40":35,"41":35,"42":35,"43":35,"44":35,"45":35,"46":35,"47":35,"48":35,"49":35,"50":35,"51":35,"52":35,"53":35,"54":35,"55":35,"56":35,"57":35,"58":136,"59":136,"60":136,"61":340,"62":340,"63":340,"64":340,"65":340,"66":340,"67":136,"68":136,"69":136,"70":35,"71":35,"72":35,"73":35,"74":136,"75":136,"76":136,"77":136,"78":136,"79":136,"80":35,"81":35,"82":35,"83":35,"84":35,"85":35,"86":35,"87":35,"88":35,"89":35,"90":35},"branchMap":{"0":{"type":"branch","line":17,"loc":{"start":{"line":17,"column":26},"end":{"line":91,"column":1}},"locations":[{"start":{"line":17,"column":26},"end":{"line":91,"column":1}}]},"1":{"type":"branch","line":21,"loc":{"start":{"line":21,"column":22},"end":{"line":23,"column":3}},"locations":[{"start":{"line":21,"column":22},"end":{"line":23,"column":3}}]},"2":{"type":"branch","line":25,"loc":{"start":{"line":25,"column":27},"end":{"line":28,"column":3}},"locations":[{"start":{"line":25,"column":27},"end":{"line":28,"column":3}}]},"3":{"type":"branch","line":51,"loc":{"start":{"line":51,"column":19},"end":{"line":51,"column":44}},"locations":[{"start":{"line":51,"column":19},"end":{"line":51,"column":44}}]},"4":{"type":"branch","line":58,"loc":{"start":{"line":58,"column":19},"end":{"line":70,"column":18}},"locations":[{"start":{"line":58,"column":19},"end":{"line":70,"column":18}}]},"5":{"type":"branch","line":61,"loc":{"start":{"line":61,"column":24},"end":{"line":67,"column":27}},"locations":[{"start":{"line":61,"column":24},"end":{"line":67,"column":27}}]},"6":{"type":"branch","line":63,"loc":{"start":{"line":63,"column":29},"end":{"line":63,"column":55}},"locations":[{"start":{"line":63,"column":29},"end":{"line":63,"column":55}}]},"7":{"type":"branch","line":74,"loc":{"start":{"line":74,"column":25},"end":{"line":80,"column":21}},"locations":[{"start":{"line":74,"column":25},"end":{"line":80,"column":21}}]},"8":{"type":"branch","line":76,"loc":{"start":{"line":76,"column":23},"end":{"line":76,"column":52}},"locations":[{"start":{"line":76,"column":23},"end":{"line":76,"column":52}}]},"9":{"type":"branch","line":85,"loc":{"start":{"line":85,"column":17},"end":{"line":85,"column":50}},"locations":[{"start":{"line":85,"column":17},"end":{"line":85,"column":50}}]}},"b":{"0":[35],"1":[16],"2":[2],"3":[2],"4":[136],"5":[340],"6":[12],"7":[136],"8":[4],"9":[3]},"fnMap":{"0":{"name":"Calculator","decl":{"start":{"line":17,"column":26},"end":{"line":91,"column":1}},"loc":{"start":{"line":17,"column":26},"end":{"line":91,"column":1}},"line":17},"1":{"name":"handleClick","decl":{"start":{"line":21,"column":22},"end":{"line":23,"column":3}},"loc":{"start":{"line":21,"column":22},"end":{"line":23,"column":3}},"line":21},"2":{"name":"handleClearClick","decl":{"start":{"line":25,"column":27},"end":{"line":28,"column":3}},"loc":{"start":{"line":25,"column":27},"end":{"line":28,"column":3}},"line":25},"3":{"name":"onClick","decl":{"start":{"line":51,"column":19},"end":{"line":51,"column":44}},"loc":{"start":{"line":51,"column":19},"end":{"line":51,"column":44}},"line":51},"4":{"name":"onClick","decl":{"start":{"line":63,"column":29},"end":{"line":63,"column":55}},"loc":{"start":{"line":63,"column":29},"end":{"line":63,"column":55}},"line":63},"5":{"name":"onClick","decl":{"start":{"line":76,"column":23},"end":{"line":76,"column":52}},"loc":{"start":{"line":76,"column":23},"end":{"line":76,"column":52}},"line":76},"6":{"name":"onClick","decl":{"start":{"line":85,"column":17},"end":{"line":85,"column":50}},"loc":{"start":{"line":85,"column":17},"end":{"line":85,"column":50}},"line":85}},"f":{"0":35,"1":16,"2":2,"3":2,"4":12,"5":4,"6":3}}
,"C:\\Users\\Nicolas\\Desktop\\Escritorio\\trabajos\\Repositorios Git\\TDD\\src\\canReconfigure.js": {"path":"C:\\Users\\Nicolas\\Desktop\\Escritorio\\trabajos\\Repositorios Git\\TDD\\src\\canReconfigure.js","all":false,"statementMap":{"0":{"start":{"line":1,"column":0},"end":{"line":1,"column":45}},"1":{"start":{"line":2,"column":0},"end":{"line":2,"column":61}},"2":{"start":{"line":3,"column":0},"end":{"line":3,"column":74}},"3":{"start":{"line":4,"column":0},"end":{"line":4,"column":56}},"4":{"start":{"line":5,"column":0},"end":{"line":5,"column":70}},"5":{"start":{"line":6,"column":0},"end":{"line":6,"column":0}},"6":{"start":{"line":7,"column":0},"end":{"line":7,"column":50}},"7":{"start":{"line":8,"column":0},"end":{"line":8,"column":35}},"8":{"start":{"line":9,"column":0},"end":{"line":9,"column":0}},"9":{"start":{"line":10,"column":0},"end":{"line":10,"column":71}},"10":{"start":{"line":11,"column":0},"end":{"line":11,"column":42}},"11":{"start":{"line":12,"column":0},"end":{"line":12,"column":0}},"12":{"start":{"line":13,"column":0},"end":{"line":13,"column":28}},"13":{"start":{"line":14,"column":0},"end":{"line":14,"column":0}},"14":{"start":{"line":15,"column":0},"end":{"line":15,"column":41}},"15":{"start":{"line":16,"column":0},"end":{"line":16,"column":30}},"16":{"start":{"line":17,"column":0},"end":{"line":17,"column":26}},"17":{"start":{"line":18,"column":0},"end":{"line":18,"column":0}},"18":{"start":{"line":19,"column":0},"end":{"line":19,"column":52}},"19":{"start":{"line":20,"column":0},"end":{"line":20,"column":63}},"20":{"start":{"line":21,"column":0},"end":{"line":21,"column":0}},"21":{"start":{"line":22,"column":0},"end":{"line":22,"column":42}},"22":{"start":{"line":23,"column":0},"end":{"line":23,"column":3}},"23":{"start":{"line":24,"column":0},"end":{"line":24,"column":0}},"24":{"start":{"line":25,"column":0},"end":{"line":25,"column":13}},"25":{"start":{"line":26,"column":0},"end":{"line":26,"column":1}}},"s":{"0":1,"1":9,"2":9,"3":9,"4":9,"5":5,"6":5,"7":9,"8":3,"9":3,"10":9,"11":2,"12":2,"13":2,"14":9,"15":5,"16":5,"17":5,"18":5,"19":5,"20":4,"21":4,"22":4,"23":1,"24":1,"25":1},"branchMap":{"0":{"type":"branch","line":1,"loc":{"start":{"line":1,"column":30},"end":{"line":26,"column":1}},"locations":[{"start":{"line":1,"column":30},"end":{"line":26,"column":1}}]},"1":{"type":"branch","line":2,"loc":{"start":{"line":2,"column":26},"end":{"line":2,"column":61}},"locations":[{"start":{"line":2,"column":26},"end":{"line":2,"column":61}}]},"2":{"type":"branch","line":3,"loc":{"start":{"line":3,"column":-2},"end":{"line":3,"column":32}},"locations":[{"start":{"line":3,"column":-2},"end":{"line":3,"column":32}}]},"3":{"type":"branch","line":3,"loc":{"start":{"line":3,"column":32},"end":{"line":3,"column":74}},"locations":[{"start":{"line":3,"column":32},"end":{"line":3,"column":74}}]},"4":{"type":"branch","line":4,"loc":{"start":{"line":4,"column":-2},"end":{"line":4,"column":24}},"locations":[{"start":{"line":4,"column":-2},"end":{"line":4,"column":24}}]},"5":{"type":"branch","line":4,"loc":{"start":{"line":4,"column":24},"end":{"line":4,"column":56}},"locations":[{"start":{"line":4,"column":24},"end":{"line":4,"column":56}}]},"6":{"type":"branch","line":5,"loc":{"start":{"line":5,"column":-2},"end":{"line":5,"column":30}},"locations":[{"start":{"line":5,"column":-2},"end":{"line":5,"column":30}}]},"7":{"type":"branch","line":5,"loc":{"start":{"line":5,"column":30},"end":{"line":5,"column":70}},"locations":[{"start":{"line":5,"column":30},"end":{"line":5,"column":70}}]},"8":{"type":"branch","line":6,"loc":{"start":{"line":6,"column":-2},"end":{"line":8,"column":23}},"locations":[{"start":{"line":6,"column":-2},"end":{"line":8,"column":23}}]},"9":{"type":"branch","line":8,"loc":{"start":{"line":8,"column":23},"end":{"line":8,"column":35}},"locations":[{"start":{"line":8,"column":23},"end":{"line":8,"column":35}}]},"10":{"type":"branch","line":9,"loc":{"start":{"line":9,"column":-2},"end":{"line":11,"column":30}},"locations":[{"start":{"line":9,"column":-2},"end":{"line":11,"column":30}}]},"11":{"type":"branch","line":11,"loc":{"start":{"line":11,"column":30},"end":{"line":11,"column":42}},"locations":[{"start":{"line":11,"column":30},"end":{"line":11,"column":42}}]},"12":{"type":"branch","line":12,"loc":{"start":{"line":12,"column":-2},"end":{"line":15,"column":40}},"locations":[{"start":{"line":12,"column":-2},"end":{"line":15,"column":40}}]},"13":{"type":"branch","line":15,"loc":{"start":{"line":15,"column":40},"end":{"line":23,"column":3}},"locations":[{"start":{"line":15,"column":40},"end":{"line":23,"column":3}}]},"14":{"type":"branch","line":20,"loc":{"start":{"line":20,"column":21},"end":{"line":20,"column":49}},"locations":[{"start":{"line":20,"column":21},"end":{"line":20,"column":49}}]},"15":{"type":"branch","line":20,"loc":{"start":{"line":20,"column":51},"end":{"line":20,"column":63}},"locations":[{"start":{"line":20,"column":51},"end":{"line":20,"column":63}}]},"16":{"type":"branch","line":21,"loc":{"start":{"line":21,"column":-2},"end":{"line":23,"column":3}},"locations":[{"start":{"line":21,"column":-2},"end":{"line":23,"column":3}}]},"17":{"type":"branch","line":24,"loc":{"start":{"line":24,"column":-2},"end":{"line":26,"column":1}},"locations":[{"start":{"line":24,"column":-2},"end":{"line":26,"column":1}}]}},"b":{"0":[9],"1":[1],"2":[8],"3":[1],"4":[7],"5":[1],"6":[6],"7":[1],"8":[5],"9":[2],"10":[3],"11":[1],"12":[2],"13":[5],"14":[1],"15":[1],"16":[4],"17":[1]},"fnMap":{"0":{"name":"canReconfigure","decl":{"start":{"line":1,"column":30},"end":{"line":26,"column":1}},"loc":{"start":{"line":1,"column":30},"end":{"line":26,"column":1}},"line":1}},"f":{"0":9}}
,"C:\\Users\\Nicolas\\Desktop\\Escritorio\\trabajos\\Repositorios Git\\TDD\\src\\fizzbuzz.js": {"path":"C:\\Users\\Nicolas\\Desktop\\Escritorio\\trabajos\\Repositorios Git\\TDD\\src\\fizzbuzz.js","all":false,"statementMap":{"0":{"start":{"line":1,"column":0},"end":{"line":1,"column":37}},"1":{"start":{"line":2,"column":0},"end":{"line":2,"column":90}},"2":{"start":{"line":3,"column":0},"end":{"line":3,"column":82}},"3":{"start":{"line":4,"column":0},"end":{"line":4,"column":0}},"4":{"start":{"line":5,"column":0},"end":{"line":5,"column":22}},"5":{"start":{"line":6,"column":0},"end":{"line":6,"column":14}},"6":{"start":{"line":7,"column":0},"end":{"line":7,"column":13}},"7":{"start":{"line":8,"column":0},"end":{"line":8,"column":3}},"8":{"start":{"line":9,"column":0},"end":{"line":9,"column":0}},"9":{"start":{"line":10,"column":0},"end":{"line":10,"column":17}},"10":{"start":{"line":11,"column":0},"end":{"line":11,"column":0}},"11":{"start":{"line":12,"column":0},"end":{"line":12,"column":8}},"12":{"start":{"line":13,"column":0},"end":{"line":13,"column":24}},"13":{"start":{"line":14,"column":0},"end":{"line":14,"column":38}},"14":{"start":{"line":15,"column":0},"end":{"line":15,"column":51}},"15":{"start":{"line":16,"column":0},"end":{"line":16,"column":6}},"16":{"start":{"line":17,"column":0},"end":{"line":17,"column":0}},"17":{"start":{"line":18,"column":0},"end":{"line":18,"column":64}},"18":{"start":{"line":19,"column":0},"end":{"line":19,"column":45}},"19":{"start":{"line":20,"column":0},"end":{"line":20,"column":40}},"20":{"start":{"line":21,"column":0},"end":{"line":21,"column":40}},"21":{"start":{"line":22,"column":0},"end":{"line":22,"column":0}},"22":{"start":{"line":23,"column":0},"end":{"line":23,"column":40}},"23":{"start":{"line":24,"column":0},"end":{"line":24,"column":1}}},"s":{"0":1,"1":13,"2":13,"3":10,"4":10,"5":10,"6":10,"7":10,"8":10,"9":10,"10":10,"11":10,"12":10,"13":10,"14":20,"15":10,"16":10,"17":10,"18":10,"19":10,"20":10,"21":10,"22":13,"23":13},"branchMap":{"0":{"type":"branch","line":1,"loc":{"start":{"line":1,"column":24},"end":{"line":24,"column":1}},"locations":[{"start":{"line":1,"column":24},"end":{"line":24,"column":1}}]},"1":{"type":"branch","line":2,"loc":{"start":{"line":2,"column":34},"end":{"line":2,"column":90}},"locations":[{"start":{"line":2,"column":34},"end":{"line":2,"column":90}}]},"2":{"type":"branch","line":3,"loc":{"start":{"line":3,"column":-2},"end":{"line":3,"column":28}},"locations":[{"start":{"line":3,"column":-2},"end":{"line":3,"column":28}}]},"3":{"type":"branch","line":3,"loc":{"start":{"line":3,"column":28},"end":{"line":3,"column":82}},"locations":[{"start":{"line":3,"column":28},"end":{"line":3,"column":82}}]},"4":{"type":"branch","line":4,"loc":{"start":{"line":4,"column":-2},"end":{"line":23,"column":23}},"locations":[{"start":{"line":4,"column":-2},"end":{"line":23,"column":23}}]},"5":{"type":"branch","line":23,"loc":{"start":{"line":23,"column":23},"end":{"line":23,"column":31}},"locations":[{"start":{"line":23,"column":23},"end":{"line":23,"column":31}}]},"6":{"type":"branch","line":23,"loc":{"start":{"line":23,"column":32},"end":{"line":23,"column":40}},"locations":[{"start":{"line":23,"column":32},"end":{"line":23,"column":40}}]},"7":{"type":"branch","line":14,"loc":{"start":{"line":14,"column":13},"end":{"line":16,"column":5}},"locations":[{"start":{"line":14,"column":13},"end":{"line":16,"column":5}}]},"8":{"type":"branch","line":15,"loc":{"start":{"line":15,"column":37},"end":{"line":15,"column":51}},"locations":[{"start":{"line":15,"column":37},"end":{"line":15,"column":51}}]}},"b":{"0":[13],"1":[2],"2":[11],"3":[1],"4":[10],"5":[2],"6":[8],"7":[20],"8":[9]},"fnMap":{"0":{"name":"fizzbuzz","decl":{"start":{"line":1,"column":24},"end":{"line":24,"column":1}},"loc":{"start":{"line":1,"column":24},"end":{"line":24,"column":1}},"line":1}},"f":{"0":13}}
}
